
> EthereumClassicExplorer@0.2.0 start /root/explorer
> concurrently "node tools/sync.js " "node app.js" 

events.js:174
      throw er; // Unhandled 'error' event
      ^

Error: EBADF: bad file descriptor, read
Emitted 'error' event at:
    at lazyFs.read (internal/fs/streams.js:165:12)
    at FSReqWrap.wrapper [as oncomplete] (fs.js:467:17)
npm ERR! code ELIFECYCLE
npm ERR! errno 1
npm ERR! EthereumClassicExplorer@0.2.0 start: `concurrently "node tools/sync.js " "node app.js" `
npm ERR! Exit status 1
npm ERR! 
npm ERR! Failed at the EthereumClassicExplorer@0.2.0 start script.
npm ERR! This is probably not a problem with npm. There is likely additional logging output above.

npm ERR! A complete log of this run can be found in:
npm ERR!     /root/.npm/_logs/2019-06-04T08_52_54_806Z-debug.log

> EthereumClassicExplorer@0.2.0 start /root/explorer
> concurrently "node tools/sync.js " "node app.js" 

events.js:174
      throw er; // Unhandled 'error' event
      ^

Error: EBADF: bad file descriptor, read
Emitted 'error' event at:
    at lazyFs.read (internal/fs/streams.js:165:12)
    at FSReqWrap.wrapper [as oncomplete] (fs.js:467:17)
npm ERR! code ELIFECYCLE
npm ERR! errno 1
npm ERR! EthereumClassicExplorer@0.2.0 start: `concurrently "node tools/sync.js " "node app.js" `
npm ERR! Exit status 1
npm ERR! 
npm ERR! Failed at the EthereumClassicExplorer@0.2.0 start script.
npm ERR! This is probably not a problem with npm. There is likely additional logging output above.

npm ERR! A complete log of this run can be found in:
npm ERR!     /root/.npm/_logs/2019-06-04T08_54_09_474Z-debug.log

> EthereumClassicExplorer@0.2.0 start /root/explorer
> concurrently "node tools/sync.js " "node app.js" 

events.js:174
      throw er; // Unhandled 'error' event
      ^

Error: EBADF: bad file descriptor, read
Emitted 'error' event at:
    at lazyFs.read (internal/fs/streams.js:165:12)
    at FSReqWrap.wrapper [as oncomplete] (fs.js:467:17)
npm ERR! code ELIFECYCLE
npm ERR! errno 1
npm ERR! EthereumClassicExplorer@0.2.0 start: `concurrently "node tools/sync.js " "node app.js" `
npm ERR! Exit status 1
npm ERR! 
npm ERR! Failed at the EthereumClassicExplorer@0.2.0 start script.
npm ERR! This is probably not a problem with npm. There is likely additional logging output above.

npm ERR! A complete log of this run can be found in:
npm ERR!     /root/.npm/_logs/2019-06-04T08_56_55_103Z-debug.log
